[debug] [2024-07-03T17:45:47.482Z] ----------------------------------------------------------------------
[debug] [2024-07-03T17:45:47.483Z] Command:       /Users/kirjs/.nvm/versions/node/v18.18.2/bin/node /Users/kirjs/.nvm/versions/node/v18.18.2/bin/firebase deploy
[debug] [2024-07-03T17:45:47.483Z] CLI Version:   13.4.1
[debug] [2024-07-03T17:45:47.483Z] Platform:      darwin
[debug] [2024-07-03T17:45:47.483Z] Node Version:  v18.18.2
[debug] [2024-07-03T17:45:47.484Z] Time:          Wed Jul 03 2024 13:45:47 GMT-0400 (Eastern Daylight Time)
[debug] [2024-07-03T17:45:47.484Z] ----------------------------------------------------------------------
[debug] 
[debug] [2024-07-03T17:45:47.518Z] > command requires scopes: ["email","openid","https://www.googleapis.com/auth/cloudplatformprojects.readonly","https://www.googleapis.com/auth/firebase","https://www.googleapis.com/auth/cloud-platform"]
[debug] [2024-07-03T17:45:47.519Z] > authorizing via signed-in user (z6dabrata@gmail.com)
[debug] [2024-07-03T17:45:47.519Z] [iam] checking project los-pirojokos for permissions ["firebase.projects.get","firebasehosting.sites.update"]
[debug] [2024-07-03T17:45:47.519Z] > refreshing access token with scopes: []
[debug] [2024-07-03T17:45:47.520Z] >>> [apiv2][query] POST https://www.googleapis.com/oauth2/v3/token [none]
[debug] [2024-07-03T17:45:47.520Z] >>> [apiv2][body] POST https://www.googleapis.com/oauth2/v3/token [omitted]
[debug] [2024-07-03T17:45:47.656Z] <<< [apiv2][status] POST https://www.googleapis.com/oauth2/v3/token 200
[debug] [2024-07-03T17:45:47.656Z] <<< [apiv2][body] POST https://www.googleapis.com/oauth2/v3/token [omitted]
[debug] [2024-07-03T17:45:47.670Z] >>> [apiv2][query] POST https://cloudresourcemanager.googleapis.com/v1/projects/los-pirojokos:testIamPermissions [none]
[debug] [2024-07-03T17:45:47.670Z] >>> [apiv2][(partial)header] POST https://cloudresourcemanager.googleapis.com/v1/projects/los-pirojokos:testIamPermissions x-goog-quota-user=projects/los-pirojokos
[debug] [2024-07-03T17:45:47.670Z] >>> [apiv2][body] POST https://cloudresourcemanager.googleapis.com/v1/projects/los-pirojokos:testIamPermissions {"permissions":["firebase.projects.get","firebasehosting.sites.update"]}
[debug] [2024-07-03T17:45:47.873Z] <<< [apiv2][status] POST https://cloudresourcemanager.googleapis.com/v1/projects/los-pirojokos:testIamPermissions 200
[debug] [2024-07-03T17:45:47.875Z] <<< [apiv2][body] POST https://cloudresourcemanager.googleapis.com/v1/projects/los-pirojokos:testIamPermissions {"permissions":["firebase.projects.get","firebasehosting.sites.update"]}
[debug] [2024-07-03T17:45:47.878Z] >>> [apiv2][query] GET https://firebase.googleapis.com/v1beta1/projects/los-pirojokos [none]
[debug] [2024-07-03T17:45:48.208Z] <<< [apiv2][status] GET https://firebase.googleapis.com/v1beta1/projects/los-pirojokos 200
[debug] [2024-07-03T17:45:48.209Z] <<< [apiv2][body] GET https://firebase.googleapis.com/v1beta1/projects/los-pirojokos {"projectId":"los-pirojokos","projectNumber":"945494036769","displayName":"los-pirojokos","name":"projects/los-pirojokos","resources":{"hostingSite":"los-pirojokos"},"state":"ACTIVE","etag":"1_6ea51765-30cd-4201-92cc-7d2c61955a97"}
[info] 
   Thank you for trying our experimental support for Astro on Firebase Hosting.
   While this integration is maintained by Googlers it is not a supported Firebase product.
   Issues filed on GitHub will be addressed on a best-effort basis by maintainers and other community members.
   The integration is known to work with Astro version 2 - 3. You may encounter errors.

   Documentation: https://firebase.google.com/docs/hosting/frameworks/frameworks-overview
   File a bug: https://github.com/firebase/firebase-tools/issues/new?template=bug_report.md
   Submit a feature request: https://github.com/firebase/firebase-tools/issues/new?template=feature_request.md

   We'd love to learn from you. Express your interest in helping us shape the future of Firebase Hosting: https://goo.gle/41enW5X

[debug] [2024-07-03T17:45:55.149Z] [web frameworks] effective firebase.json:  {
  "hosting": [
    {
      "source": ".",
      "ignore": [
        "firebase.json",
        "**/.*",
        "**/node_modules/**"
      ],
      "site": "los-pirojokos",
      "rewrites": [],
      "redirects": [],
      "headers": [],
      "cleanUrls": true,
      "public": ".firebase/los-pirojokos/hosting",
      "webFramework": "astro"
    }
  ]
}
[info] 
[info] === Deploying to 'los-pirojokos'...
[info] 
[info] i  deploying hosting 
[debug] [2024-07-03T17:45:55.151Z] >>> [apiv2][query] POST https://firebasehosting.googleapis.com/v1beta1/projects/-/sites/los-pirojokos/versions [none]
[debug] [2024-07-03T17:45:55.151Z] >>> [apiv2][body] POST https://firebasehosting.googleapis.com/v1beta1/projects/-/sites/los-pirojokos/versions {"status":"CREATED","labels":{"deployment-tool":"cli-firebase","firebase-web-framework":"astro"}}
[debug] [2024-07-03T17:45:55.681Z] <<< [apiv2][status] POST https://firebasehosting.googleapis.com/v1beta1/projects/-/sites/los-pirojokos/versions 200
[debug] [2024-07-03T17:45:55.682Z] <<< [apiv2][body] POST https://firebasehosting.googleapis.com/v1beta1/projects/-/sites/los-pirojokos/versions {"name":"projects/945494036769/sites/los-pirojokos/versions/9643a07c98cf3f3a","status":"CREATED","config":{},"labels":{"firebase-web-framework":"astro","deployment-tool":"cli-firebase"}}
[info] i  hosting[los-pirojokos]: beginning deploy... 
[info] i  hosting[los-pirojokos]: found 24 files in .firebase/los-pirojokos/hosting 
[debug] [2024-07-03T17:45:55.688Z] [hosting] uploading with 200 concurrency
[debug] [2024-07-03T17:45:55.708Z] [hosting] hash cache [LmZpcmViYXNlL2xvcy1waXJvam9rb3MvaG9zdGluZw] stored for 24 files
[debug] [2024-07-03T17:45:55.709Z] [hosting][hash queue][FINAL] {"max":16,"min":13,"avg":14.375,"active":0,"complete":24,"success":24,"errored":0,"retried":0,"total":24,"elapsed":19}
[debug] [2024-07-03T17:45:55.709Z] >>> [apiv2][query] POST https://firebasehosting.googleapis.com/v1beta1/projects/945494036769/sites/los-pirojokos/versions/9643a07c98cf3f3a:populateFiles [none]
[debug] [2024-07-03T17:45:55.709Z] >>> [apiv2][body] POST https://firebasehosting.googleapis.com/v1beta1/projects/945494036769/sites/los-pirojokos/versions/9643a07c98cf3f3a:populateFiles {"files":{"/favicon.svg":"b5d3457391af727992322503594131143c34a6ee51cd608ce1c6fb00e4b9c0b2","/_astro/ListHeader.DIsqoouO.js":"582a154d059fa90462c832444db735ffee36a7a4dd89f7c2cee21b6d01053e5b","/_astro/client.BbAe6wx9.js":"4ea6dba62c8b3b2487ac91239f1ce6a18ea2e146437f028ee7f4d5dc761afa14","/_astro/SelectSong.Cj0P9wk4.css":"aaae4c6ba422e72f176378b4bda5504eb3af3e1b59f959919cd2d514fa9ae322","/_astro/client.Cx1FBVJX.js":"b48c84dccde0fd8f08abde9927e638a62a1ceece427e8f428525999997466cfe","/_astro/ProviderWrapper.BjlW8LLb.js":"7189147fef1bf9d35c86739d09ac82b8c2e7ffeb8f461eb983864c1120e37aeb","/_astro/SelectSong.JWxUbLbZ.js":"2ec35034f5a7d1bab58b1534e068e702c97465882fc964ab0afd792ca0ed5d0c","/index.html":"f7fa30c4f9e85f00c2f73c38613eb82fa2dd13b526b8458b6440cecfa69c33c9","/songs/amor-amor-veni/index.html":"2197359f95118ee2b563ea57ea6f234760468a9cee32fd328afe2f1c2bb30cbf","/songs/aukcyon-ptica/index.html":"b51de09f32c557fd459453399a584e8b64a704a1d9403f3b3eb233c6fefeeadf","/songs/bajo-un-cielo-de-estrellas/index.html":"cf85b57681806f987cfc96f89608213307d11a22528fbf29d32cb948baf168ec","/songs/en-el-viejo-cafe/index.html":"99ec22e063982319f596804ad56c09708f4625a76e2c7e1e29b187a284c68e2c","/songs/en-esta-tarde-gris/index.html":"318db61a77ae58050b5c8e25c0ed0315507ca7949376b5d3c5591b097bb8c6bc","/songs/kino-vcoj-zvezda-po-imeni-solnce/index.html":"5551c2ca1199ca9c35eb0e261dbd8606ceee6690fb282ca1895288ab5c53d21e","/songs/korol-i-shut-durak-i-molniya/index.html":"ad9ddefbaef427017dd31f3d79271ab2ebc7fa851f400806cb59f6297c61c013","/songs/korol-i-shut-lesnik/index.html":"7c5273e134999b506c57fad92437fa680a86b3f9bfebfdb37427d67727858592","/songs/test-song/index.html":"6b625b20dc04f37b2ea762cb4d86383df52ba8dbf210747cae343b6c591f6793","/songs/tu-palida-voz/index.html":"cf4f2e79062806ce2930bf2cb69089792a680a5d79c4835d2d5c9da4ba75da5f","/songs/korol-i-shut-kukla-kolduna/index.html":"2a6d6c45e22a6b5632f4b0617be688c7f81d710fc924c36e5cbc75b0626c9364","/songs/зима-холода/index.html":"4e61ef26cf0f2fb45c97fccef868338eb849ef15ebd18874c1c45a7e1a1d355b","/songs/осень/index.html":"ca3e8233988a84e21b595ac8549cc982c99bb0ff3f4a6557da255b0ebe9aa083","/songs/vino-triste/index.html":"5c35b1303a5db1f4114996c0c1f265144aef2eb072aaeb2fde94b36fdedbdba1","/_astro/runtime-dom.esm-bundler.BKU9dfr6.js":"0cad3a0888c048a8c55b623411913dbbf39471fb703f72009630a2ed6f864112","/songs/система/index.html":"9fe4504b5d73ccd73badc47465686669589913de4c40560388be7199daeb47c1"}}
[debug] [2024-07-03T17:45:56.028Z] <<< [apiv2][status] POST https://firebasehosting.googleapis.com/v1beta1/projects/945494036769/sites/los-pirojokos/versions/9643a07c98cf3f3a:populateFiles 200
[debug] [2024-07-03T17:45:56.028Z] <<< [apiv2][body] POST https://firebasehosting.googleapis.com/v1beta1/projects/945494036769/sites/los-pirojokos/versions/9643a07c98cf3f3a:populateFiles {"uploadRequiredHashes":["318db61a77ae58050b5c8e25c0ed0315507ca7949376b5d3c5591b097bb8c6bc","2ec35034f5a7d1bab58b1534e068e702c97465882fc964ab0afd792ca0ed5d0c","ca3e8233988a84e21b595ac8549cc982c99bb0ff3f4a6557da255b0ebe9aa083","4e61ef26cf0f2fb45c97fccef868338eb849ef15ebd18874c1c45a7e1a1d355b","b51de09f32c557fd459453399a584e8b64a704a1d9403f3b3eb233c6fefeeadf","ad9ddefbaef427017dd31f3d79271ab2ebc7fa851f400806cb59f6297c61c013","99ec22e063982319f596804ad56c09708f4625a76e2c7e1e29b187a284c68e2c","5c35b1303a5db1f4114996c0c1f265144aef2eb072aaeb2fde94b36fdedbdba1","5551c2ca1199ca9c35eb0e261dbd8606ceee6690fb282ca1895288ab5c53d21e","2197359f95118ee2b563ea57ea6f234760468a9cee32fd328afe2f1c2bb30cbf","6b625b20dc04f37b2ea762cb4d86383df52ba8dbf210747cae343b6c591f6793","cf4f2e79062806ce2930bf2cb69089792a680a5d79c4835d2d5c9da4ba75da5f","582a154d059fa90462c832444db735ffee36a7a4dd89f7c2cee21b6d01053e5b","7189147fef1bf9d35c86739d09ac82b8c2e7ffeb8f461eb983864c1120e37aeb","cf85b57681806f987cfc96f89608213307d11a22528fbf29d32cb948baf168ec","0cad3a0888c048a8c55b623411913dbbf39471fb703f72009630a2ed6f864112","2a6d6c45e22a6b5632f4b0617be688c7f81d710fc924c36e5cbc75b0626c9364","7c5273e134999b506c57fad92437fa680a86b3f9bfebfdb37427d67727858592","4ea6dba62c8b3b2487ac91239f1ce6a18ea2e146437f028ee7f4d5dc761afa14","9fe4504b5d73ccd73badc47465686669589913de4c40560388be7199daeb47c1","f7fa30c4f9e85f00c2f73c38613eb82fa2dd13b526b8458b6440cecfa69c33c9"],"uploadUrl":"https://upload-firebasehosting.googleapis.com/upload/sites/los-pirojokos/versions/9643a07c98cf3f3a/files"}
[debug] [2024-07-03T17:45:56.030Z] >>> [apiv2][query] POST https://upload-firebasehosting.googleapis.com/upload/sites/los-pirojokos/versions/9643a07c98cf3f3a/files/318db61a77ae58050b5c8e25c0ed0315507ca7949376b5d3c5591b097bb8c6bc [none]
[debug] [2024-07-03T17:45:56.030Z] >>> [apiv2][body] POST https://upload-firebasehosting.googleapis.com/upload/sites/los-pirojokos/versions/9643a07c98cf3f3a/files/318db61a77ae58050b5c8e25c0ed0315507ca7949376b5d3c5591b097bb8c6bc [stream]
[debug] [2024-07-03T17:45:56.031Z] >>> [apiv2][query] POST https://upload-firebasehosting.googleapis.com/upload/sites/los-pirojokos/versions/9643a07c98cf3f3a/files/2ec35034f5a7d1bab58b1534e068e702c97465882fc964ab0afd792ca0ed5d0c [none]
[debug] [2024-07-03T17:45:56.031Z] >>> [apiv2][body] POST https://upload-firebasehosting.googleapis.com/upload/sites/los-pirojokos/versions/9643a07c98cf3f3a/files/2ec35034f5a7d1bab58b1534e068e702c97465882fc964ab0afd792ca0ed5d0c [stream]
[debug] [2024-07-03T17:45:56.031Z] >>> [apiv2][query] POST https://upload-firebasehosting.googleapis.com/upload/sites/los-pirojokos/versions/9643a07c98cf3f3a/files/ca3e8233988a84e21b595ac8549cc982c99bb0ff3f4a6557da255b0ebe9aa083 [none]
[debug] [2024-07-03T17:45:56.031Z] >>> [apiv2][body] POST https://upload-firebasehosting.googleapis.com/upload/sites/los-pirojokos/versions/9643a07c98cf3f3a/files/ca3e8233988a84e21b595ac8549cc982c99bb0ff3f4a6557da255b0ebe9aa083 [stream]
[debug] [2024-07-03T17:45:56.032Z] >>> [apiv2][query] POST https://upload-firebasehosting.googleapis.com/upload/sites/los-pirojokos/versions/9643a07c98cf3f3a/files/4e61ef26cf0f2fb45c97fccef868338eb849ef15ebd18874c1c45a7e1a1d355b [none]
[debug] [2024-07-03T17:45:56.032Z] >>> [apiv2][body] POST https://upload-firebasehosting.googleapis.com/upload/sites/los-pirojokos/versions/9643a07c98cf3f3a/files/4e61ef26cf0f2fb45c97fccef868338eb849ef15ebd18874c1c45a7e1a1d355b [stream]
[debug] [2024-07-03T17:45:56.033Z] >>> [apiv2][query] POST https://upload-firebasehosting.googleapis.com/upload/sites/los-pirojokos/versions/9643a07c98cf3f3a/files/b51de09f32c557fd459453399a584e8b64a704a1d9403f3b3eb233c6fefeeadf [none]
[debug] [2024-07-03T17:45:56.033Z] >>> [apiv2][body] POST https://upload-firebasehosting.googleapis.com/upload/sites/los-pirojokos/versions/9643a07c98cf3f3a/files/b51de09f32c557fd459453399a584e8b64a704a1d9403f3b3eb233c6fefeeadf [stream]
[debug] [2024-07-03T17:45:56.033Z] >>> [apiv2][query] POST https://upload-firebasehosting.googleapis.com/upload/sites/los-pirojokos/versions/9643a07c98cf3f3a/files/ad9ddefbaef427017dd31f3d79271ab2ebc7fa851f400806cb59f6297c61c013 [none]
[debug] [2024-07-03T17:45:56.033Z] >>> [apiv2][body] POST https://upload-firebasehosting.googleapis.com/upload/sites/los-pirojokos/versions/9643a07c98cf3f3a/files/ad9ddefbaef427017dd31f3d79271ab2ebc7fa851f400806cb59f6297c61c013 [stream]
[debug] [2024-07-03T17:45:56.034Z] >>> [apiv2][query] POST https://upload-firebasehosting.googleapis.com/upload/sites/los-pirojokos/versions/9643a07c98cf3f3a/files/99ec22e063982319f596804ad56c09708f4625a76e2c7e1e29b187a284c68e2c [none]
[debug] [2024-07-03T17:45:56.034Z] >>> [apiv2][body] POST https://upload-firebasehosting.googleapis.com/upload/sites/los-pirojokos/versions/9643a07c98cf3f3a/files/99ec22e063982319f596804ad56c09708f4625a76e2c7e1e29b187a284c68e2c [stream]
[debug] [2024-07-03T17:45:56.034Z] >>> [apiv2][query] POST https://upload-firebasehosting.googleapis.com/upload/sites/los-pirojokos/versions/9643a07c98cf3f3a/files/5c35b1303a5db1f4114996c0c1f265144aef2eb072aaeb2fde94b36fdedbdba1 [none]
[debug] [2024-07-03T17:45:56.034Z] >>> [apiv2][body] POST https://upload-firebasehosting.googleapis.com/upload/sites/los-pirojokos/versions/9643a07c98cf3f3a/files/5c35b1303a5db1f4114996c0c1f265144aef2eb072aaeb2fde94b36fdedbdba1 [stream]
[debug] [2024-07-03T17:45:56.035Z] >>> [apiv2][query] POST https://upload-firebasehosting.googleapis.com/upload/sites/los-pirojokos/versions/9643a07c98cf3f3a/files/5551c2ca1199ca9c35eb0e261dbd8606ceee6690fb282ca1895288ab5c53d21e [none]
[debug] [2024-07-03T17:45:56.035Z] >>> [apiv2][body] POST https://upload-firebasehosting.googleapis.com/upload/sites/los-pirojokos/versions/9643a07c98cf3f3a/files/5551c2ca1199ca9c35eb0e261dbd8606ceee6690fb282ca1895288ab5c53d21e [stream]
[debug] [2024-07-03T17:45:56.035Z] >>> [apiv2][query] POST https://upload-firebasehosting.googleapis.com/upload/sites/los-pirojokos/versions/9643a07c98cf3f3a/files/2197359f95118ee2b563ea57ea6f234760468a9cee32fd328afe2f1c2bb30cbf [none]
[debug] [2024-07-03T17:45:56.035Z] >>> [apiv2][body] POST https://upload-firebasehosting.googleapis.com/upload/sites/los-pirojokos/versions/9643a07c98cf3f3a/files/2197359f95118ee2b563ea57ea6f234760468a9cee32fd328afe2f1c2bb30cbf [stream]
[debug] [2024-07-03T17:45:56.036Z] >>> [apiv2][query] POST https://upload-firebasehosting.googleapis.com/upload/sites/los-pirojokos/versions/9643a07c98cf3f3a/files/6b625b20dc04f37b2ea762cb4d86383df52ba8dbf210747cae343b6c591f6793 [none]
[debug] [2024-07-03T17:45:56.036Z] >>> [apiv2][body] POST https://upload-firebasehosting.googleapis.com/upload/sites/los-pirojokos/versions/9643a07c98cf3f3a/files/6b625b20dc04f37b2ea762cb4d86383df52ba8dbf210747cae343b6c591f6793 [stream]
[debug] [2024-07-03T17:45:56.036Z] >>> [apiv2][query] POST https://upload-firebasehosting.googleapis.com/upload/sites/los-pirojokos/versions/9643a07c98cf3f3a/files/cf4f2e79062806ce2930bf2cb69089792a680a5d79c4835d2d5c9da4ba75da5f [none]
[debug] [2024-07-03T17:45:56.036Z] >>> [apiv2][body] POST https://upload-firebasehosting.googleapis.com/upload/sites/los-pirojokos/versions/9643a07c98cf3f3a/files/cf4f2e79062806ce2930bf2cb69089792a680a5d79c4835d2d5c9da4ba75da5f [stream]
[debug] [2024-07-03T17:45:56.037Z] >>> [apiv2][query] POST https://upload-firebasehosting.googleapis.com/upload/sites/los-pirojokos/versions/9643a07c98cf3f3a/files/582a154d059fa90462c832444db735ffee36a7a4dd89f7c2cee21b6d01053e5b [none]
[debug] [2024-07-03T17:45:56.037Z] >>> [apiv2][body] POST https://upload-firebasehosting.googleapis.com/upload/sites/los-pirojokos/versions/9643a07c98cf3f3a/files/582a154d059fa90462c832444db735ffee36a7a4dd89f7c2cee21b6d01053e5b [stream]
[debug] [2024-07-03T17:45:56.037Z] >>> [apiv2][query] POST https://upload-firebasehosting.googleapis.com/upload/sites/los-pirojokos/versions/9643a07c98cf3f3a/files/7189147fef1bf9d35c86739d09ac82b8c2e7ffeb8f461eb983864c1120e37aeb [none]
[debug] [2024-07-03T17:45:56.037Z] >>> [apiv2][body] POST https://upload-firebasehosting.googleapis.com/upload/sites/los-pirojokos/versions/9643a07c98cf3f3a/files/7189147fef1bf9d35c86739d09ac82b8c2e7ffeb8f461eb983864c1120e37aeb [stream]
[debug] [2024-07-03T17:45:56.038Z] >>> [apiv2][query] POST https://upload-firebasehosting.googleapis.com/upload/sites/los-pirojokos/versions/9643a07c98cf3f3a/files/cf85b57681806f987cfc96f89608213307d11a22528fbf29d32cb948baf168ec [none]
[debug] [2024-07-03T17:45:56.038Z] >>> [apiv2][body] POST https://upload-firebasehosting.googleapis.com/upload/sites/los-pirojokos/versions/9643a07c98cf3f3a/files/cf85b57681806f987cfc96f89608213307d11a22528fbf29d32cb948baf168ec [stream]
[debug] [2024-07-03T17:45:56.038Z] >>> [apiv2][query] POST https://upload-firebasehosting.googleapis.com/upload/sites/los-pirojokos/versions/9643a07c98cf3f3a/files/0cad3a0888c048a8c55b623411913dbbf39471fb703f72009630a2ed6f864112 [none]
[debug] [2024-07-03T17:45:56.038Z] >>> [apiv2][body] POST https://upload-firebasehosting.googleapis.com/upload/sites/los-pirojokos/versions/9643a07c98cf3f3a/files/0cad3a0888c048a8c55b623411913dbbf39471fb703f72009630a2ed6f864112 [stream]
[debug] [2024-07-03T17:45:56.039Z] >>> [apiv2][query] POST https://upload-firebasehosting.googleapis.com/upload/sites/los-pirojokos/versions/9643a07c98cf3f3a/files/2a6d6c45e22a6b5632f4b0617be688c7f81d710fc924c36e5cbc75b0626c9364 [none]
[debug] [2024-07-03T17:45:56.039Z] >>> [apiv2][body] POST https://upload-firebasehosting.googleapis.com/upload/sites/los-pirojokos/versions/9643a07c98cf3f3a/files/2a6d6c45e22a6b5632f4b0617be688c7f81d710fc924c36e5cbc75b0626c9364 [stream]
[debug] [2024-07-03T17:45:56.039Z] >>> [apiv2][query] POST https://upload-firebasehosting.googleapis.com/upload/sites/los-pirojokos/versions/9643a07c98cf3f3a/files/7c5273e134999b506c57fad92437fa680a86b3f9bfebfdb37427d67727858592 [none]
[debug] [2024-07-03T17:45:56.039Z] >>> [apiv2][body] POST https://upload-firebasehosting.googleapis.com/upload/sites/los-pirojokos/versions/9643a07c98cf3f3a/files/7c5273e134999b506c57fad92437fa680a86b3f9bfebfdb37427d67727858592 [stream]
[debug] [2024-07-03T17:45:56.040Z] >>> [apiv2][query] POST https://upload-firebasehosting.googleapis.com/upload/sites/los-pirojokos/versions/9643a07c98cf3f3a/files/4ea6dba62c8b3b2487ac91239f1ce6a18ea2e146437f028ee7f4d5dc761afa14 [none]
[debug] [2024-07-03T17:45:56.040Z] >>> [apiv2][body] POST https://upload-firebasehosting.googleapis.com/upload/sites/los-pirojokos/versions/9643a07c98cf3f3a/files/4ea6dba62c8b3b2487ac91239f1ce6a18ea2e146437f028ee7f4d5dc761afa14 [stream]
[debug] [2024-07-03T17:45:56.040Z] >>> [apiv2][query] POST https://upload-firebasehosting.googleapis.com/upload/sites/los-pirojokos/versions/9643a07c98cf3f3a/files/9fe4504b5d73ccd73badc47465686669589913de4c40560388be7199daeb47c1 [none]
[debug] [2024-07-03T17:45:56.040Z] >>> [apiv2][body] POST https://upload-firebasehosting.googleapis.com/upload/sites/los-pirojokos/versions/9643a07c98cf3f3a/files/9fe4504b5d73ccd73badc47465686669589913de4c40560388be7199daeb47c1 [stream]
[debug] [2024-07-03T17:45:56.040Z] >>> [apiv2][query] POST https://upload-firebasehosting.googleapis.com/upload/sites/los-pirojokos/versions/9643a07c98cf3f3a/files/f7fa30c4f9e85f00c2f73c38613eb82fa2dd13b526b8458b6440cecfa69c33c9 [none]
[debug] [2024-07-03T17:45:56.040Z] >>> [apiv2][body] POST https://upload-firebasehosting.googleapis.com/upload/sites/los-pirojokos/versions/9643a07c98cf3f3a/files/f7fa30c4f9e85f00c2f73c38613eb82fa2dd13b526b8458b6440cecfa69c33c9 [stream]
[debug] [2024-07-03T17:45:56.041Z] [hosting][populate queue][FINAL] {"max":323,"min":323,"avg":323,"active":0,"complete":1,"success":1,"errored":0,"retried":0,"total":1,"elapsed":334}
[debug] [2024-07-03T17:45:56.041Z] [hosting] uploads queued: 21
[debug] [2024-07-03T17:45:56.640Z] <<< [apiv2][status] POST https://upload-firebasehosting.googleapis.com/upload/sites/los-pirojokos/versions/9643a07c98cf3f3a/files/0cad3a0888c048a8c55b623411913dbbf39471fb703f72009630a2ed6f864112 200
[debug] [2024-07-03T17:45:56.640Z] <<< [apiv2][body] POST https://upload-firebasehosting.googleapis.com/upload/sites/los-pirojokos/versions/9643a07c98cf3f3a/files/0cad3a0888c048a8c55b623411913dbbf39471fb703f72009630a2ed6f864112 [stream]
[debug] [2024-07-03T17:45:56.646Z] <<< [apiv2][status] POST https://upload-firebasehosting.googleapis.com/upload/sites/los-pirojokos/versions/9643a07c98cf3f3a/files/7189147fef1bf9d35c86739d09ac82b8c2e7ffeb8f461eb983864c1120e37aeb 200
[debug] [2024-07-03T17:45:56.646Z] <<< [apiv2][body] POST https://upload-firebasehosting.googleapis.com/upload/sites/los-pirojokos/versions/9643a07c98cf3f3a/files/7189147fef1bf9d35c86739d09ac82b8c2e7ffeb8f461eb983864c1120e37aeb [stream]
[debug] [2024-07-03T17:45:56.647Z] <<< [apiv2][status] POST https://upload-firebasehosting.googleapis.com/upload/sites/los-pirojokos/versions/9643a07c98cf3f3a/files/5551c2ca1199ca9c35eb0e261dbd8606ceee6690fb282ca1895288ab5c53d21e 200
[debug] [2024-07-03T17:45:56.647Z] <<< [apiv2][body] POST https://upload-firebasehosting.googleapis.com/upload/sites/los-pirojokos/versions/9643a07c98cf3f3a/files/5551c2ca1199ca9c35eb0e261dbd8606ceee6690fb282ca1895288ab5c53d21e [stream]
[debug] [2024-07-03T17:45:56.659Z] <<< [apiv2][status] POST https://upload-firebasehosting.googleapis.com/upload/sites/los-pirojokos/versions/9643a07c98cf3f3a/files/2197359f95118ee2b563ea57ea6f234760468a9cee32fd328afe2f1c2bb30cbf 200
[debug] [2024-07-03T17:45:56.659Z] <<< [apiv2][body] POST https://upload-firebasehosting.googleapis.com/upload/sites/los-pirojokos/versions/9643a07c98cf3f3a/files/2197359f95118ee2b563ea57ea6f234760468a9cee32fd328afe2f1c2bb30cbf [stream]
[debug] [2024-07-03T17:45:56.673Z] <<< [apiv2][status] POST https://upload-firebasehosting.googleapis.com/upload/sites/los-pirojokos/versions/9643a07c98cf3f3a/files/4ea6dba62c8b3b2487ac91239f1ce6a18ea2e146437f028ee7f4d5dc761afa14 200
[debug] [2024-07-03T17:45:56.673Z] <<< [apiv2][body] POST https://upload-firebasehosting.googleapis.com/upload/sites/los-pirojokos/versions/9643a07c98cf3f3a/files/4ea6dba62c8b3b2487ac91239f1ce6a18ea2e146437f028ee7f4d5dc761afa14 [stream]
[debug] [2024-07-03T17:45:56.684Z] <<< [apiv2][status] POST https://upload-firebasehosting.googleapis.com/upload/sites/los-pirojokos/versions/9643a07c98cf3f3a/files/318db61a77ae58050b5c8e25c0ed0315507ca7949376b5d3c5591b097bb8c6bc 200
[debug] [2024-07-03T17:45:56.684Z] <<< [apiv2][body] POST https://upload-firebasehosting.googleapis.com/upload/sites/los-pirojokos/versions/9643a07c98cf3f3a/files/318db61a77ae58050b5c8e25c0ed0315507ca7949376b5d3c5591b097bb8c6bc [stream]
[debug] [2024-07-03T17:45:56.689Z] <<< [apiv2][status] POST https://upload-firebasehosting.googleapis.com/upload/sites/los-pirojokos/versions/9643a07c98cf3f3a/files/ad9ddefbaef427017dd31f3d79271ab2ebc7fa851f400806cb59f6297c61c013 200
[debug] [2024-07-03T17:45:56.689Z] <<< [apiv2][body] POST https://upload-firebasehosting.googleapis.com/upload/sites/los-pirojokos/versions/9643a07c98cf3f3a/files/ad9ddefbaef427017dd31f3d79271ab2ebc7fa851f400806cb59f6297c61c013 [stream]
[debug] [2024-07-03T17:45:56.702Z] <<< [apiv2][status] POST https://upload-firebasehosting.googleapis.com/upload/sites/los-pirojokos/versions/9643a07c98cf3f3a/files/2a6d6c45e22a6b5632f4b0617be688c7f81d710fc924c36e5cbc75b0626c9364 200
[debug] [2024-07-03T17:45:56.702Z] <<< [apiv2][body] POST https://upload-firebasehosting.googleapis.com/upload/sites/los-pirojokos/versions/9643a07c98cf3f3a/files/2a6d6c45e22a6b5632f4b0617be688c7f81d710fc924c36e5cbc75b0626c9364 [stream]
[debug] [2024-07-03T17:45:56.703Z] <<< [apiv2][status] POST https://upload-firebasehosting.googleapis.com/upload/sites/los-pirojokos/versions/9643a07c98cf3f3a/files/b51de09f32c557fd459453399a584e8b64a704a1d9403f3b3eb233c6fefeeadf 200
[debug] [2024-07-03T17:45:56.704Z] <<< [apiv2][body] POST https://upload-firebasehosting.googleapis.com/upload/sites/los-pirojokos/versions/9643a07c98cf3f3a/files/b51de09f32c557fd459453399a584e8b64a704a1d9403f3b3eb233c6fefeeadf [stream]
[debug] [2024-07-03T17:45:56.718Z] <<< [apiv2][status] POST https://upload-firebasehosting.googleapis.com/upload/sites/los-pirojokos/versions/9643a07c98cf3f3a/files/4e61ef26cf0f2fb45c97fccef868338eb849ef15ebd18874c1c45a7e1a1d355b 200
[debug] [2024-07-03T17:45:56.718Z] <<< [apiv2][body] POST https://upload-firebasehosting.googleapis.com/upload/sites/los-pirojokos/versions/9643a07c98cf3f3a/files/4e61ef26cf0f2fb45c97fccef868338eb849ef15ebd18874c1c45a7e1a1d355b [stream]
[debug] [2024-07-03T17:45:56.747Z] <<< [apiv2][status] POST https://upload-firebasehosting.googleapis.com/upload/sites/los-pirojokos/versions/9643a07c98cf3f3a/files/9fe4504b5d73ccd73badc47465686669589913de4c40560388be7199daeb47c1 200
[debug] [2024-07-03T17:45:56.748Z] <<< [apiv2][body] POST https://upload-firebasehosting.googleapis.com/upload/sites/los-pirojokos/versions/9643a07c98cf3f3a/files/9fe4504b5d73ccd73badc47465686669589913de4c40560388be7199daeb47c1 [stream]
[debug] [2024-07-03T17:45:56.757Z] <<< [apiv2][status] POST https://upload-firebasehosting.googleapis.com/upload/sites/los-pirojokos/versions/9643a07c98cf3f3a/files/cf85b57681806f987cfc96f89608213307d11a22528fbf29d32cb948baf168ec 200
[debug] [2024-07-03T17:45:56.758Z] <<< [apiv2][body] POST https://upload-firebasehosting.googleapis.com/upload/sites/los-pirojokos/versions/9643a07c98cf3f3a/files/cf85b57681806f987cfc96f89608213307d11a22528fbf29d32cb948baf168ec [stream]
[debug] [2024-07-03T17:45:56.770Z] <<< [apiv2][status] POST https://upload-firebasehosting.googleapis.com/upload/sites/los-pirojokos/versions/9643a07c98cf3f3a/files/99ec22e063982319f596804ad56c09708f4625a76e2c7e1e29b187a284c68e2c 200
[debug] [2024-07-03T17:45:56.770Z] <<< [apiv2][body] POST https://upload-firebasehosting.googleapis.com/upload/sites/los-pirojokos/versions/9643a07c98cf3f3a/files/99ec22e063982319f596804ad56c09708f4625a76e2c7e1e29b187a284c68e2c [stream]
[debug] [2024-07-03T17:45:56.772Z] <<< [apiv2][status] POST https://upload-firebasehosting.googleapis.com/upload/sites/los-pirojokos/versions/9643a07c98cf3f3a/files/582a154d059fa90462c832444db735ffee36a7a4dd89f7c2cee21b6d01053e5b 200
[debug] [2024-07-03T17:45:56.772Z] <<< [apiv2][body] POST https://upload-firebasehosting.googleapis.com/upload/sites/los-pirojokos/versions/9643a07c98cf3f3a/files/582a154d059fa90462c832444db735ffee36a7a4dd89f7c2cee21b6d01053e5b [stream]
[debug] [2024-07-03T17:45:56.776Z] <<< [apiv2][status] POST https://upload-firebasehosting.googleapis.com/upload/sites/los-pirojokos/versions/9643a07c98cf3f3a/files/6b625b20dc04f37b2ea762cb4d86383df52ba8dbf210747cae343b6c591f6793 200
[debug] [2024-07-03T17:45:56.776Z] <<< [apiv2][body] POST https://upload-firebasehosting.googleapis.com/upload/sites/los-pirojokos/versions/9643a07c98cf3f3a/files/6b625b20dc04f37b2ea762cb4d86383df52ba8dbf210747cae343b6c591f6793 [stream]
[debug] [2024-07-03T17:45:56.782Z] <<< [apiv2][status] POST https://upload-firebasehosting.googleapis.com/upload/sites/los-pirojokos/versions/9643a07c98cf3f3a/files/f7fa30c4f9e85f00c2f73c38613eb82fa2dd13b526b8458b6440cecfa69c33c9 200
[debug] [2024-07-03T17:45:56.782Z] <<< [apiv2][body] POST https://upload-firebasehosting.googleapis.com/upload/sites/los-pirojokos/versions/9643a07c98cf3f3a/files/f7fa30c4f9e85f00c2f73c38613eb82fa2dd13b526b8458b6440cecfa69c33c9 [stream]
[debug] [2024-07-03T17:45:56.800Z] <<< [apiv2][status] POST https://upload-firebasehosting.googleapis.com/upload/sites/los-pirojokos/versions/9643a07c98cf3f3a/files/5c35b1303a5db1f4114996c0c1f265144aef2eb072aaeb2fde94b36fdedbdba1 200
[debug] [2024-07-03T17:45:56.800Z] <<< [apiv2][body] POST https://upload-firebasehosting.googleapis.com/upload/sites/los-pirojokos/versions/9643a07c98cf3f3a/files/5c35b1303a5db1f4114996c0c1f265144aef2eb072aaeb2fde94b36fdedbdba1 [stream]
[debug] [2024-07-03T17:45:56.849Z] <<< [apiv2][status] POST https://upload-firebasehosting.googleapis.com/upload/sites/los-pirojokos/versions/9643a07c98cf3f3a/files/2ec35034f5a7d1bab58b1534e068e702c97465882fc964ab0afd792ca0ed5d0c 200
[debug] [2024-07-03T17:45:56.849Z] <<< [apiv2][body] POST https://upload-firebasehosting.googleapis.com/upload/sites/los-pirojokos/versions/9643a07c98cf3f3a/files/2ec35034f5a7d1bab58b1534e068e702c97465882fc964ab0afd792ca0ed5d0c [stream]
[debug] [2024-07-03T17:45:56.948Z] <<< [apiv2][status] POST https://upload-firebasehosting.googleapis.com/upload/sites/los-pirojokos/versions/9643a07c98cf3f3a/files/ca3e8233988a84e21b595ac8549cc982c99bb0ff3f4a6557da255b0ebe9aa083 200
[debug] [2024-07-03T17:45:56.948Z] <<< [apiv2][body] POST https://upload-firebasehosting.googleapis.com/upload/sites/los-pirojokos/versions/9643a07c98cf3f3a/files/ca3e8233988a84e21b595ac8549cc982c99bb0ff3f4a6557da255b0ebe9aa083 [stream]
[debug] [2024-07-03T17:45:56.962Z] <<< [apiv2][status] POST https://upload-firebasehosting.googleapis.com/upload/sites/los-pirojokos/versions/9643a07c98cf3f3a/files/cf4f2e79062806ce2930bf2cb69089792a680a5d79c4835d2d5c9da4ba75da5f 200
[debug] [2024-07-03T17:45:56.962Z] <<< [apiv2][body] POST https://upload-firebasehosting.googleapis.com/upload/sites/los-pirojokos/versions/9643a07c98cf3f3a/files/cf4f2e79062806ce2930bf2cb69089792a680a5d79c4835d2d5c9da4ba75da5f [stream]
[debug] [2024-07-03T17:45:56.974Z] <<< [apiv2][status] POST https://upload-firebasehosting.googleapis.com/upload/sites/los-pirojokos/versions/9643a07c98cf3f3a/files/7c5273e134999b506c57fad92437fa680a86b3f9bfebfdb37427d67727858592 200
[debug] [2024-07-03T17:45:56.974Z] <<< [apiv2][body] POST https://upload-firebasehosting.googleapis.com/upload/sites/los-pirojokos/versions/9643a07c98cf3f3a/files/7c5273e134999b506c57fad92437fa680a86b3f9bfebfdb37427d67727858592 [stream]
[debug] [2024-07-03T17:45:56.974Z] [hosting][upload queue][FINAL] {"max":945,"min":611,"avg":728.1904761904761,"active":0,"complete":21,"success":21,"errored":0,"retried":0,"total":21,"elapsed":946}
[info] ✔  hosting[los-pirojokos]: file upload complete 
[debug] [2024-07-03T17:45:56.975Z] [hosting] deploy completed after 1292ms
[debug] [2024-07-03T17:45:56.975Z] [
  {
    "config": {
      "source": ".",
      "ignore": [
        "firebase.json",
        "**/.*",
        "**/node_modules/**"
      ],
      "site": "los-pirojokos",
      "rewrites": [],
      "redirects": [],
      "headers": [],
      "cleanUrls": true,
      "public": ".firebase/los-pirojokos/hosting",
      "webFramework": "astro"
    },
    "version": "projects/945494036769/sites/los-pirojokos/versions/9643a07c98cf3f3a"
  }
]
[info] i  hosting[los-pirojokos]: finalizing version... 
[debug] [2024-07-03T17:45:56.976Z] >>> [apiv2][query] PATCH https://firebasehosting.googleapis.com/v1beta1/projects/-/sites/los-pirojokos/versions/9643a07c98cf3f3a updateMask=status%2Cconfig
[debug] [2024-07-03T17:45:56.977Z] >>> [apiv2][body] PATCH https://firebasehosting.googleapis.com/v1beta1/projects/-/sites/los-pirojokos/versions/9643a07c98cf3f3a {"status":"FINALIZED","config":{"rewrites":[],"redirects":[],"headers":[],"cleanUrls":true,"trailingSlashBehavior":"REMOVE"}}
[debug] [2024-07-03T17:45:57.256Z] <<< [apiv2][status] PATCH https://firebasehosting.googleapis.com/v1beta1/projects/-/sites/los-pirojokos/versions/9643a07c98cf3f3a 200
[debug] [2024-07-03T17:45:57.257Z] <<< [apiv2][body] PATCH https://firebasehosting.googleapis.com/v1beta1/projects/-/sites/los-pirojokos/versions/9643a07c98cf3f3a {"name":"projects/945494036769/sites/los-pirojokos/versions/9643a07c98cf3f3a","status":"FINALIZED","config":{"cleanUrls":true,"trailingSlashBehavior":"REMOVE"},"labels":{"deployment-tool":"cli-firebase","firebase-web-framework":"astro"},"createTime":"2024-07-03T17:45:55.434313Z","createUser":{"email":"z6Dabrata@gmail.com"},"finalizeTime":"2024-07-03T17:45:57.235797Z","finalizeUser":{"email":"z6Dabrata@gmail.com"}}
[debug] [2024-07-03T17:45:57.257Z] [hosting] finalized version for los-pirojokos:[object Object]
[info] ✔  hosting[los-pirojokos]: version finalized 
[info] i  hosting[los-pirojokos]: releasing new version... 
[debug] [2024-07-03T17:45:57.257Z] >>> [apiv2][query] POST https://firebasehosting.googleapis.com/v1beta1/projects/-/sites/los-pirojokos/channels/live/releases versionName=projects%2F945494036769%2Fsites%2Flos-pirojokos%2Fversions%2F9643a07c98cf3f3a
[debug] [2024-07-03T17:45:57.257Z] >>> [apiv2][body] POST https://firebasehosting.googleapis.com/v1beta1/projects/-/sites/los-pirojokos/channels/live/releases {}
[debug] [2024-07-03T17:45:57.590Z] <<< [apiv2][status] POST https://firebasehosting.googleapis.com/v1beta1/projects/-/sites/los-pirojokos/channels/live/releases 200
[debug] [2024-07-03T17:45:57.590Z] <<< [apiv2][body] POST https://firebasehosting.googleapis.com/v1beta1/projects/-/sites/los-pirojokos/channels/live/releases {"name":"projects/945494036769/sites/los-pirojokos/channels/live/releases/1720028757014000","version":{"name":"projects/945494036769/sites/los-pirojokos/versions/9643a07c98cf3f3a","status":"FINALIZED","config":{"cleanUrls":true,"trailingSlashBehavior":"REMOVE"},"labels":{"deployment-tool":"cli-firebase","firebase-web-framework":"astro"},"createTime":"2024-07-03T17:45:55.434313Z","createUser":{"email":"z6Dabrata@gmail.com","imageUrl":"https://lh3.googleusercontent.com/a/ACg8ocKMlLqj8kVK40h9wL7T88pSZUSgtscVVNIpjgZoO4kh3C-UrKJuZw"},"finalizeTime":"2024-07-03T17:45:57.235797Z","finalizeUser":{"email":"z6Dabrata@gmail.com","imageUrl":"https://lh3.googleusercontent.com/a/ACg8ocKMlLqj8kVK40h9wL7T88pSZUSgtscVVNIpjgZoO4kh3C-UrKJuZw"}},"type":"DEPLOY","releaseTime":"2024-07-03T17:45:57.014Z","releaseUser":{"email":"z6Dabrata@gmail.com","imageUrl":"https://lh3.googleusercontent.com/a/ACg8ocKMlLqj8kVK40h9wL7T88pSZUSgtscVVNIpjgZoO4kh3C-UrKJuZw"}}
[debug] [2024-07-03T17:45:57.590Z] [hosting] release: {"name":"projects/945494036769/sites/los-pirojokos/channels/live/releases/1720028757014000","version":{"name":"projects/945494036769/sites/los-pirojokos/versions/9643a07c98cf3f3a","status":"FINALIZED","config":{"cleanUrls":true,"trailingSlashBehavior":"REMOVE"},"labels":{"deployment-tool":"cli-firebase","firebase-web-framework":"astro"},"createTime":"2024-07-03T17:45:55.434313Z","createUser":{"email":"z6Dabrata@gmail.com","imageUrl":"https://lh3.googleusercontent.com/a/ACg8ocKMlLqj8kVK40h9wL7T88pSZUSgtscVVNIpjgZoO4kh3C-UrKJuZw"},"finalizeTime":"2024-07-03T17:45:57.235797Z","finalizeUser":{"email":"z6Dabrata@gmail.com","imageUrl":"https://lh3.googleusercontent.com/a/ACg8ocKMlLqj8kVK40h9wL7T88pSZUSgtscVVNIpjgZoO4kh3C-UrKJuZw"}},"type":"DEPLOY","releaseTime":"2024-07-03T17:45:57.014Z","releaseUser":{"email":"z6Dabrata@gmail.com","imageUrl":"https://lh3.googleusercontent.com/a/ACg8ocKMlLqj8kVK40h9wL7T88pSZUSgtscVVNIpjgZoO4kh3C-UrKJuZw"}}
[info] ✔  hosting[los-pirojokos]: release complete 
[info] 
[info] ✔  Deploy complete! 
[info] 
[info] Project Console: https://console.firebase.google.com/project/los-pirojokos/overview
[info] Hosting URL: https://los-pirojokos.web.app
[debug] [2024-07-03T17:46:02.694Z] Error: Timed out.
    at Timeout.<anonymous> (/Users/kirjs/.nvm/versions/node/v18.18.2/lib/node_modules/firebase-tools/lib/utils.js:258:49)
    at listOnTimeout (node:internal/timers:569:17)
    at process.processTimers (node:internal/timers:512:7)
[error] 
[error] Error: An unexpected error has occurred.
